c:\studia_semestr_6\programowaniewindowsaaa\projekty\programowaniewindows\1_sortowania\sortowania\sortowania\debug\sortowania.pch
c:\studia_semestr_6\programowaniewindowsaaa\projekty\programowaniewindows\1_sortowania\sortowania\sortowania\debug\vc140.pdb
c:\studia_semestr_6\programowaniewindowsaaa\projekty\programowaniewindows\1_sortowania\sortowania\sortowania\debug\vc140.idb
c:\studia_semestr_6\programowaniewindowsaaa\projekty\programowaniewindows\1_sortowania\sortowania\sortowania\debug\stdafx.obj
c:\studia_semestr_6\programowaniewindowsaaa\projekty\programowaniewindows\1_sortowania\sortowania\sortowania\debug\childfrm.obj
c:\studia_semestr_6\programowaniewindowsaaa\projekty\programowaniewindows\1_sortowania\sortowania\sortowania\debug\classview.obj
c:\studia_semestr_6\programowaniewindowsaaa\projekty\programowaniewindows\1_sortowania\sortowania\sortowania\debug\colorrect.obj
c:\studia_semestr_6\programowaniewindowsaaa\projekty\programowaniewindows\1_sortowania\sortowania\sortowania\debug\coordinatesystem.obj
c:\studia_semestr_6\programowaniewindowsaaa\projekty\programowaniewindows\1_sortowania\sortowania\sortowania\debug\fileview.obj
c:\studia_semestr_6\programowaniewindowsaaa\projekty\programowaniewindows\1_sortowania\sortowania\sortowania\debug\mainfrm.obj
c:\studia_semestr_6\programowaniewindowsaaa\projekty\programowaniewindows\1_sortowania\sortowania\sortowania\debug\outputwnd.obj
c:\studia_semestr_6\programowaniewindowsaaa\projekty\programowaniewindows\1_sortowania\sortowania\sortowania\debug\propertieswnd.obj
c:\studia_semestr_6\programowaniewindowsaaa\projekty\programowaniewindows\1_sortowania\sortowania\sortowania\debug\sortowania.obj
c:\studia_semestr_6\programowaniewindowsaaa\projekty\programowaniewindows\1_sortowania\sortowania\sortowania\debug\sortowaniadoc.obj
c:\studia_semestr_6\programowaniewindowsaaa\projekty\programowaniewindows\1_sortowania\sortowania\sortowania\debug\sortowaniaview.obj
c:\studia_semestr_6\programowaniewindowsaaa\projekty\programowaniewindows\1_sortowania\sortowania\sortowania\debug\viewtree.obj
c:\studia_semestr_6\programowaniewindowsaaa\projekty\programowaniewindows\1_sortowania\sortowania\sortowania\debug\sortowania.res
c:\studia_semestr_6\programowaniewindowsaaa\projekty\programowaniewindows\1_sortowania\sortowania\debug\sortowania.pdb
c:\studia_semestr_6\programowaniewindowsaaa\projekty\programowaniewindows\1_sortowania\sortowania\sortowania\debug\sortowania.tlog\cl.command.1.tlog
c:\studia_semestr_6\programowaniewindowsaaa\projekty\programowaniewindows\1_sortowania\sortowania\sortowania\debug\sortowania.tlog\cl.read.1.tlog
c:\studia_semestr_6\programowaniewindowsaaa\projekty\programowaniewindows\1_sortowania\sortowania\sortowania\debug\sortowania.tlog\cl.write.1.tlog
c:\studia_semestr_6\programowaniewindowsaaa\projekty\programowaniewindows\1_sortowania\sortowania\sortowania\debug\sortowania.tlog\link-cvtres.read.1.tlog
c:\studia_semestr_6\programowaniewindowsaaa\projekty\programowaniewindows\1_sortowania\sortowania\sortowania\debug\sortowania.tlog\link-cvtres.write.1.tlog
c:\studia_semestr_6\programowaniewindowsaaa\projekty\programowaniewindows\1_sortowania\sortowania\sortowania\debug\sortowania.tlog\link-mt.read.1.tlog
c:\studia_semestr_6\programowaniewindowsaaa\projekty\programowaniewindows\1_sortowania\sortowania\sortowania\debug\sortowania.tlog\link-mt.write.1.tlog
c:\studia_semestr_6\programowaniewindowsaaa\projekty\programowaniewindows\1_sortowania\sortowania\sortowania\debug\sortowania.tlog\link-rc.read.1.tlog
c:\studia_semestr_6\programowaniewindowsaaa\projekty\programowaniewindows\1_sortowania\sortowania\sortowania\debug\sortowania.tlog\link-rc.write.1.tlog
c:\studia_semestr_6\programowaniewindowsaaa\projekty\programowaniewindows\1_sortowania\sortowania\sortowania\debug\sortowania.tlog\link.command.1.tlog
c:\studia_semestr_6\programowaniewindowsaaa\projekty\programowaniewindows\1_sortowania\sortowania\sortowania\debug\sortowania.tlog\link.read.1.tlog
c:\studia_semestr_6\programowaniewindowsaaa\projekty\programowaniewindows\1_sortowania\sortowania\sortowania\debug\sortowania.tlog\link.write.1.tlog
c:\studia_semestr_6\programowaniewindowsaaa\projekty\programowaniewindows\1_sortowania\sortowania\sortowania\debug\sortowania.tlog\rc.command.1.tlog
c:\studia_semestr_6\programowaniewindowsaaa\projekty\programowaniewindows\1_sortowania\sortowania\sortowania\debug\sortowania.tlog\rc.read.1.tlog
c:\studia_semestr_6\programowaniewindowsaaa\projekty\programowaniewindows\1_sortowania\sortowania\sortowania\debug\sortowania.tlog\rc.write.1.tlog
