  stdafx.cpp
  SortowaniaView.cpp
c:\users\adam\desktop\sss\programowaniewindows\1_sortowania\sortowania\sortowania\sortowaniaview.cpp(175): warning C4244: '=': conversion from 'double' to 'LONG', possible loss of data
c:\users\adam\desktop\sss\programowaniewindows\1_sortowania\sortowania\sortowania\sortowaniaview.cpp(177): warning C4244: '=': conversion from 'double' to 'LONG', possible loss of data
c:\users\adam\desktop\sss\programowaniewindows\1_sortowania\sortowania\sortowania\sortowaniaview.cpp(183): warning C4244: '=': conversion from 'double' to 'int', possible loss of data
c:\users\adam\desktop\sss\programowaniewindows\1_sortowania\sortowania\sortowania\sortowaniaview.cpp(185): warning C4244: '=': conversion from 'double' to 'int', possible loss of data
c:\users\adam\desktop\sss\programowaniewindows\1_sortowania\sortowania\sortowania\sortowaniaview.cpp(204): warning C4244: '=': conversion from 'double' to 'LONG', possible loss of data
c:\program files (x86)\microsoft visual studio 14.0\vc\include\utility(172): warning C4244: 'initializing': conversion from 'double' to 'int', possible loss of data
  c:\users\adam\desktop\sss\programowaniewindows\1_sortowania\sortowania\sortowania\sortowaniaview.cpp(168): note: see reference to function template instantiation 'std::pair<int,int>::pair<int,double,void,0>(_Other1 &&,_Other2 &&) noexcept' being compiled
          with
          [
              _Other1=int,
              _Other2=double
          ]
  c:\users\adam\desktop\sss\programowaniewindows\1_sortowania\sortowania\sortowania\sortowaniaview.cpp(168): note: see reference to function template instantiation 'std::pair<int,int>::pair<int,double,void,0>(_Other1 &&,_Other2 &&) noexcept' being compiled
          with
          [
              _Other1=int,
              _Other2=double
          ]
  SortowaniaDoc.cpp
c:\users\adam\desktop\sss\programowaniewindows\1_sortowania\sortowania\sortowania\sortowaniadoc.cpp(36): warning C4244: 'argument': conversion from 'time_t' to 'unsigned int', possible loss of data
  Sortowania.cpp
  Sort.cpp
  MainFrm.cpp
  CoordinateSystem.cpp
c:\users\adam\desktop\sss\programowaniewindows\1_sortowania\sortowania\sortowania\coordinatesystem.cpp(40): warning C4018: '<': signed/unsigned mismatch
c:\users\adam\desktop\sss\programowaniewindows\1_sortowania\sortowania\sortowania\coordinatesystem.cpp(58): warning C4018: '<': signed/unsigned mismatch
c:\users\adam\desktop\sss\programowaniewindows\1_sortowania\sortowania\sortowania\coordinatesystem.cpp(92): warning C4018: '<': signed/unsigned mismatch
  ColorRect.cpp
  Generating Code...
  LINK : C:\Users\Adam\Desktop\sss\ProgramowanieWindows\1_Sortowania\Sortowania\Debug\Sortowania.exe not found or not built by the last incremental link; performing full link
  Sortowania.vcxproj -> C:\Users\Adam\Desktop\sss\ProgramowanieWindows\1_Sortowania\Sortowania\Debug\Sortowania.exe
  Sortowania.vcxproj -> C:\Users\Adam\Desktop\sss\ProgramowanieWindows\1_Sortowania\Sortowania\Debug\Sortowania.pdb (Partial PDB)
